%このファイルは日本語文字を含みます.
\BOOKMARK [1][-]{section.1}{\376\377\116\214\153\041\121\103\060\153\060\112\060\121\060\213\121\161\137\142\146\156\220\115\140\047}{}% 1
\BOOKMARK [2][-]{subsection.1.1}{\376\377\116\214\153\041\121\103\060\153\060\112\060\121\060\213\121\161\137\142\177\244}{section.1}% 2
\BOOKMARK [3][-]{subsubsection.1.1.1}{\376\377\211\007\175\040\136\247\152\031\060\156\134\016\121\145}{subsection.1.1}% 3
\BOOKMARK [3][-]{subsubsection.1.1.2}{\376\377\131\047\127\337\121\161\137\142\131\011\143\333}{subsection.1.1}% 4
\BOOKMARK [3][-]{subsubsection.1.1.3}{\376\377\121\161\137\142\131\011\143\333\060\156\165\037\142\020\133\120}{subsection.1.1}% 5
\BOOKMARK [3][-]{subsubsection.1.1.4}{\376\377\060\327\060\351\060\244\060\336\060\352\060\374\130\064}{subsection.1.1}% 6
\BOOKMARK [2][-]{subsection.1.2}{\376\377\000W\000a\000r\000d\140\122\173\111\137\017}{section.1}% 7
\BOOKMARK [3][-]{subsubsection.1.2.1}{\376\377\153\143\122\107\137\142\137\017\060\156\000W\000a\000r\000d\140\122\173\111\137\017}{subsection.1.2}% 8
\BOOKMARK [3][-]{subsubsection.1.2.2}{\376\377\121\161\137\142\000W\000a\000r\000d\140\122\173\111\137\017}{subsection.1.2}% 9
\BOOKMARK [2][-]{subsection.1.3}{\376\377\201\352\165\061\130\064\060\150\157\024\173\227\133\120\172\115\134\125\225\213}{section.1}% 10
\BOOKMARK [3][-]{subsubsection.1.3.1}{\376\377\000F\000r\000e\000e\000\040\000B\000o\000s\000o\000n}{subsection.1.3}% 11
\BOOKMARK [3][-]{subsubsection.1.3.2}{\376\377\000F\000r\000e\000e\000\040\000F\000e\000r\000m\000i\000o\000n}{subsection.1.3}% 12
\BOOKMARK [2][-]{subsection.1.4}{\376\377\116\055\137\303\226\373\203\167}{section.1}% 13
\BOOKMARK [1][-]{section.2}{\376\377\157\024\173\227\133\120\060\153\060\210\060\213\133\232\137\017\123\026}{}% 14
\BOOKMARK [2][-]{subsection.2.1}{\376\377\157\024\173\227\133\120\060\153\060\210\060\213\133\232\137\017\123\026\377\032\122\325\137\204\221\317\133\120\123\026}{section.2}% 15
\BOOKMARK [2][-]{subsection.2.2}{\376\377\000V\000i\000r\000a\000s\000o\000r\000o\116\343\145\160}{section.2}% 16
\BOOKMARK [3][-]{subsubsection.2.2.1}{\376\377\121\161\137\142\131\011\143\333\060\156\165\037\142\020\133\120}{subsection.2.2}% 17
\BOOKMARK [3][-]{subsubsection.2.2.2}{\376\377\060\322\060\353\060\331\060\353\060\310\172\172\225\223}{subsection.2.2}% 18
\BOOKMARK [2][-]{subsection.2.3}{\376\377\000F\000r\000e\000e\000\040\000B\000o\000s\000o\000n}{section.2}% 19
\BOOKMARK [3][-]{subsubsection.2.3.1}{\376\377\060\267\060\352\060\363\060\300\060\374\060\153\060\112\060\121\060\213\153\143\156\226\221\317\133\120\123\026}{subsection.2.3}% 20
\BOOKMARK [3][-]{subsubsection.2.3.2}{\376\377\230\002\160\271\157\024\173\227\133\120}{subsection.2.3}% 21
\BOOKMARK [3][-]{subsubsection.2.3.3}{\376\377\000F\000o\000c\000k\172\172\225\223}{subsection.2.3}% 22
\BOOKMARK [3][-]{subsubsection.2.3.4}{\376\377\000T\000w\000i\000s\000t\000e\000d\000\040\000b\000o\000u\000n\000d\000a\000r\000y\000\040\000c\000o\000n\000d\000i\000t\000i\000o\000n}{subsection.2.3}% 23
\BOOKMARK [2][-]{subsection.2.4}{\376\377\000F\000r\000e\000e\000\040\000F\000e\000r\000m\000i\000o\000n}{section.2}% 24
\BOOKMARK [2][-]{subsection.2.5}{\376\377\153\143\211\217\230\006\136\217\172\115}{section.2}% 25
\BOOKMARK [2][-]{subsection.2.6}{\376\377\121\161\137\142\145\317\060\150\157\024\173\227\133\120\116\343\145\160}{section.2}% 26
\BOOKMARK [3][-]{subsubsection.2.6.1}{\376\377\000d\000e\000s\000c\000e\000n\000d\000a\000n\000t\130\064}{subsection.2.6}% 27
\BOOKMARK [3][-]{subsubsection.2.6.2}{\376\377\121\161\137\142\145\317}{subsection.2.6}% 28
\BOOKMARK [3][-]{subsubsection.2.6.3}{\376\377\157\024\173\227\133\120\116\343\145\160}{subsection.2.6}% 29
\BOOKMARK [3][-]{subsubsection.2.6.4}{\376\377\121\161\137\142\060\326\060\355\060\303\060\257}{subsection.2.6}% 30
\BOOKMARK [3][-]{subsubsection.2.6.5}{\376\377\121\161\137\142\060\326\060\374\060\310\060\271\060\310\060\351\060\303\060\327}{subsection.2.6}% 31
\BOOKMARK [1][-]{section.3}{\376\377\060\337\060\313\060\336\060\353\060\342\060\307\060\353\000I}{}% 32
\BOOKMARK [2][-]{subsection.3.1}{\376\377\000V\000e\000r\000m\000a\122\240\177\244}{section.3}% 33
\BOOKMARK [3][-]{subsubsection.3.1.1}{\376\377\147\000\232\330\060\246\060\247\060\244\060\310\162\266\141\113}{subsection.3.1}% 34
\BOOKMARK [3][-]{subsubsection.3.1.2}{\376\377\000V\000i\000r\000a\000s\000o\000r\000o\143\007\152\031}{subsection.3.1}% 35
\BOOKMARK [3][-]{subsubsection.3.1.3}{\376\377\162\171\165\160\060\331\060\257\060\310\060\353\060\150\123\357\175\004\000V\000e\000r\000m\000a\122\240\177\244}{subsection.3.1}% 36
\BOOKMARK [2][-]{subsection.3.2}{\376\377\000K\000a\000c\210\114\122\027\137\017}{section.3}% 37
\BOOKMARK [3][-]{subsubsection.3.2.1}{\376\377\060\346\060\313\060\277\060\352\140\047\060\150\000K\000a\000c\210\114\122\027\137\017}{subsection.3.2}% 38
\BOOKMARK [3][-]{subsubsection.3.2.2}{\376\377\000c\0001\210\150\163\376\060\156\060\346\060\313\060\277\060\352\140\047}{subsection.3.2}% 39
\BOOKMARK [3][-]{subsubsection.3.2.3}{\376\377\000c\000<\0001\210\150\163\376\060\156\060\346\060\313\060\277\060\352\140\047}{subsection.3.2}% 40
\BOOKMARK [2][-]{subsection.3.3}{\376\377\060\337\060\313\060\336\060\353\060\342\060\307\060\353}{section.3}% 41
\BOOKMARK [3][-]{subsubsection.3.3.1}{\376\377\000s\000i\000m\000p\000l\000e\000\040\000e\000x\000a\000m\000p\000l\000e}{subsection.3.3}% 42
\BOOKMARK [3][-]{subsubsection.3.3.2}{\376\377\157\024\173\227\133\120\116\343\145\160\060\156\122\007\060\212\143\150\060\146}{subsection.3.3}% 43
\BOOKMARK [3][-]{subsubsection.3.3.3}{\376\377\060\337\060\313\060\336\060\353\060\342\060\307\060\353}{subsection.3.3}% 44
\BOOKMARK [2][-]{subsection.3.4}{\376\377\117\213}{section.3}% 45
\BOOKMARK [3][-]{subsubsection.3.4.1}{\376\377\000Y\000a\000n\000g\000-\000L\000e\000e\000\040\000s\000i\000n\000g\000u\000l\000a\000r\000i\000t\000y}{subsection.3.4}% 46
\BOOKMARK [1][-]{section.4}{\376\377\060\337\060\313\060\336\060\353\060\342\060\307\060\353\000I\000I}{}% 47
\BOOKMARK [2][-]{subsection.4.1}{\376\377\145\342\175\004\122\240\177\244\060\150\060\337\060\313\060\336\060\353\143\007\152\031}{section.4}% 48
\BOOKMARK [3][-]{subsubsection.4.1.1}{\376\377\060\337\060\313\060\336\060\353\060\342\060\307\060\353\060\153\060\112\060\121\060\213\123\357\175\004\000V\000e\000r\000m\000a\122\240\177\244\060\156\151\313\220\040}{subsection.4.1}% 49
\BOOKMARK [3][-]{subsubsection.4.1.2}{\376\377\143\007\152\031}{subsection.4.1}% 50
\BOOKMARK [2][-]{subsection.4.2}{\376\377\000e\000x\000p\000l\000i\000c\000i\000t\000\040\000f\000o\000r\000m\000\040\000o\000f\000\040\000s\000i\000n\000g\000u\000l\000a\000r\000\040\000v\000e\000c\000t\000o\000r\000s}{section.4}% 51
\BOOKMARK [2][-]{subsection.4.3}{\376\377\166\370\225\242\225\242\145\160\060\153\060\112\060\121\060\213\137\256\122\006\145\271\172\013\137\017}{section.4}% 52
\BOOKMARK [3][-]{subsubsection.4.3.1}{\376\377\162\171\165\160\060\331\060\257\060\310\060\353\060\153\060\210\060\213\137\256\122\006\145\271\172\013\137\017}{subsection.4.3}% 53
\BOOKMARK [3][-]{subsubsection.4.3.2}{\376\377\060\337\060\313\060\336\060\353\060\342\060\307\060\353\060\153\060\112\060\121\060\213\0002\160\271\225\242\145\160\060\156\137\256\122\006\145\271\172\013\137\017}{subsection.4.3}% 54
\BOOKMARK [3][-]{subsubsection.4.3.3}{\376\377\060\337\060\313\060\336\060\353\060\342\060\307\060\353\060\153\060\112\060\121\060\213\0004\160\271\225\242\145\160\060\156\137\256\122\006\145\271\172\013\137\017}{subsection.4.3}% 55
\BOOKMARK [2][-]{subsection.4.4}{\376\377\000F\000u\000s\000i\000o\000n\000\040\000r\000u\000l\000e\000s}{section.4}% 56
\BOOKMARK [3][-]{subsubsection.4.4.1}{\376\377\137\256\122\006\145\271\172\013\137\017\060\153\060\210\060\213\000F\000u\000s\000i\000o\000n\000\040\000r\000u\000l\000e}{subsection.4.4}% 57
\BOOKMARK [3][-]{subsubsection.4.4.2}{\376\377\000F\000u\000s\000i\000o\000n\000\040\000A\000l\000g\000e\000b\000r\000a}{subsection.4.4}% 58
\BOOKMARK [3][-]{subsubsection.4.4.3}{\376\377\060\337\060\313\060\336\060\353\060\342\060\307\060\353\060\153\060\112\060\121\060\213\000F\000u\000s\000i\000o\000n\000\040\000R\000u\000l\000e\000s}{subsection.4.4}% 59
\BOOKMARK [1][-]{section.5}{\376\377\060\257\060\374\060\355\060\363\060\254\060\271\060\156\133\232\137\017\123\026}{}% 60
\BOOKMARK [1][-]{section.6}{\376\377\000M\000o\000d\000u\000l\000a\000r\000\040\000i\000n\000v\000a\000r\000i\000a\000n\000c\000e}{}% 61
\BOOKMARK [1][-]{section.7}{\376\377\147\011\226\120\060\265\060\244\060\272\060\271\060\261\060\374\060\352\060\363\060\260\060\150\130\203\165\114}{}% 62
