%このファイルは日本語文字を含みます.
\BOOKMARK [1][-]{section.1}{\376\377\221\317\133\120\060\271\060\324\060\363\155\262\117\123\377\032\060\271\060\324\060\316\060\363\060\150\060\262\060\374\060\270\130\064}{}% 1
\BOOKMARK [2][-]{subsection.1.1}{\376\377\221\317\133\120\060\271\060\324\060\363\155\262\117\123\060\156\133\232\177\251}{section.1}% 2
\BOOKMARK [2][-]{subsection.1.2}{\376\377\060\271\060\324\060\316\060\363\060\150\060\262\060\374\060\270\130\064}{section.1}% 3
\BOOKMARK [1][-]{section.2}{\376\377\136\163\127\107\130\064\060\153\060\210\060\213\145\271\154\325}{}% 4
\BOOKMARK [2][-]{subsection.2.1}{\376\377\000S\000U\000\050\0002\000\051\060\262\060\374\060\270\131\011\143\333}{section.2}% 5
\BOOKMARK [2][-]{subsection.2.2}{\376\377\000H\000u\000b\000b\000a\000r\000d\000-\000S\000t\000r\000a\000t\000n\000o\000v\000i\000c\000h\131\011\143\333\060\153\060\210\060\213\136\163\127\107\130\064\060\156\134\016\121\145}{section.2}% 6
\BOOKMARK [2][-]{subsection.2.3}{\376\377\117\213\000:\000-\000f\000l\000u\000x\162\266\141\113}{section.2}% 7
\BOOKMARK [2][-]{subsection.2.4}{\376\377\060\262\060\374\060\270\143\372\060\211\060\116}{section.2}% 8
\BOOKMARK [2][-]{subsection.2.5}{\376\377\000P\000S\000G}{section.2}% 9
\BOOKMARK [1][-]{section.3}{\376\377\000S\0001\060\271\060\324\060\363}{}% 10
\BOOKMARK [2][-]{subsection.3.1}{\376\377\134\016\121\145}{section.3}% 11
\BOOKMARK [2][-]{subsection.3.2}{\376\377\000S\000=\0003\000/\0002\000\040\000H\000e\000i\000s\000e\000n\000b\000e\000r\000g\166\370\116\222\117\134\165\050\060\156\136\163\127\107\130\064}{section.3}% 12
\BOOKMARK [1][-]{section.4}{\376\377\000Z\0002\060\271\060\324\060\363\155\262\117\123}{}% 13
\BOOKMARK [2][-]{subsection.4.1}{\376\377\000K\000i\000t\000a\000e\000v\152\041\127\213}{section.4}% 14
\BOOKMARK [3][-]{subsubsection.4.1.1}{\376\377\152\041\127\213\060\156\133\376\171\360\140\047\060\150\000P\000S\000G\000P\000h\000y\000s\000R\000e\000v\000B\000.\0008\0006\000.\0000\0008\0005\0001\0004\0005}{subsection.4.1}% 15
\BOOKMARK [3][-]{subsubsection.4.1.2}{\376\377\000S\000=\0003\000/\0002\000:\000\040\000S\000O\000\050\0006\000\051\000\040\000M\000a\000j\000o\000r\000a\000n\000a\000\040\000f\000e\000r\000m\000i\000o\000n}{subsection.4.1}% 16
\BOOKMARK [3][-]{subsubsection.4.1.3}{\376\377\000Z\0002\000\040\0001\000-\000f\000o\000r\000m\000\040\133\376\171\360\140\047}{subsection.4.1}% 17
\BOOKMARK [2][-]{subsection.4.2}{\376\377\000P\000S\000G\060\156\122\006\230\136}{section.4}% 18
\BOOKMARK [1][-]{appendix.A}{\376\377\000A\000p\000p\000e\000n\000d\000i\000x}{}% 19
\BOOKMARK [2][-]{subsection.A.1}{\376\377\000C\000o\000m\000p\000l\000e\000x\000\040\000f\000e\000r\000m\000i\000o\000n\000\040\000M\000e\000a\000n\000-\000f\000i\000e\000l\000d\060\156\155\373\060\110\133\127\060\153\225\242\060\131\060\213\173\046\123\367}{appendix.A}% 20
\BOOKMARK [2][-]{subsection.A.2}{\376\377\000S\000O\000\050\0006\000\051\000\040\000M\000a\000j\000o\000r\000a\000n\000a\000\040\000f\000e\000r\000m\000i\000o\000n\000\040\000m\000e\000a\000n\000-\000f\000i\000e\000l\000d\000\040\060\156\212\010\173\227}{appendix.A}% 21
